Android/AppBlade Example/proguard/seeds.txt
com.appblade.example.MainActivity
com.appblade.example.MainActivity: MainActivity()
com.appblade.example.MyApplication
com.appblade.example.MyApplication: MyApplication()
...
com.appblade.framework.WebServiceHelper$HttpMethod: com.appblade.framework.WebServiceHelper$HttpMethod[] values()
com.appblade.framework.WebServiceHelper$HttpMethod: com.appblade.framework.WebServiceHelper$HttpMethod valueOf(java.lang.String)
com.appblade.framework.authenticate.RemoteAuthorizeActivity
com.appblade.framework.authenticate.RemoteAuthorizeActivity: RemoteAuthorizeActivity()
com.appblade.framework.stats.AppBladeSessionActivity
com.appblade.framework.stats.AppBladeSessionActivity: AppBladeSessionActivity()
com.appblade.framework.stats.AppBladeSessionLoggingService
org.apache.http.entity.mime.HttpMultipartMode: org.apache.http.entity.mime.HttpMultipartMode[] values()
org.apache.http.entity.mime.HttpMultipartMode: org.apache.http.entity.mime.HttpMultipartMode valueOf(java.lang.String)