Android/AppBlade Example/proguard/mapping.txt
com.appblade.example.MainActivity -> com.appblade.example.MainActivity:
    25:32:void onCreate(android.os.Bundle) -> onCreate
    35:40:void onResume() -> onResume
    43:44:void onPause() -> onPause
    147:156:boolean onTouchEvent(android.view.MotionEvent) -> onTouchEvent
com.appblade.example.MainActivity$1 -> com.appblade.example.a:
    com.appblade.example.MainActivity this$0 -> a
    65:72:void onClick(android.view.View) -> onClick
com.appblade.example.MainActivity$2 -> com.appblade.example.b:
    com.appblade.example.MainActivity this$0 -> a
    76:78:void onClick(android.view.View) -> onClick
com.appblade.example.MainActivity$3 -> com.appblade.example.c:
    com.appblade.example.MainActivity this$0 -> a
    84:85:void onClick(android.view.View) -> onClick
com.appblade.example.MainActivity$4 -> com.appblade.example.d:
    com.appblade.example.MainActivity this$0 -> a
    89:90:void onClick(android.view.View) -> onClick
com.appblade.example.MainActivity$5 -> com.appblade.example.e:
    com.appblade.example.MainActivity this$0 -> a
    96:97:void onClick(android.view.View) -> onClick
com.appblade.example.MainActivity$6 -> com.appblade.example.f:
    com.appblade.example.MainActivity this$0 -> a
    101:102:void onClick(android.view.View) -> onClick
com.appblade.example.MainActivity$7 -> com.appblade.example.g:
    com.appblade.example.MainActivity this$0 -> a
    108:120:void onClick(android.view.View) -> onClick
    106:106:com.appblade.example.MainActivity access$0(com.appblade.example.MainActivity$7) -> a
com.appblade.example.MainActivity$7$1 -> com.appblade.example.h:
    com.appblade.example.MainActivity$7 this$1 -> a
    116:117:void onClick(android.content.DialogInterface,int) -> onClick
com.appblade.example.MainActivity$8 -> com.appblade.example.i:
    com.appblade.example.MainActivity this$0 -> a
    126:127:void onClick(android.view.View) -> onClick
com.appblade.example.MainActivity$9 -> com.appblade.example.j:
    com.appblade.example.MainActivity this$0 -> a
    131:132:void onClick(android.view.View) -> onClick
com.appblade.example.MyApplication -> com.appblade.example.MyApplication:
    11:24:void onCreate() -> onCreate
...
com.appblade.framework.utils.Base64$Coder -> com.appblade.framework.e.b:
    byte[] output -> a
    int op -> b
com.appblade.framework.utils.Base64$Encoder -> com.appblade.framework.e.c:
    byte[] ENCODE -> h
    byte[] ENCODE_WEBSAFE -> i
    byte[] tail -> j
    int tailLen -> c
    int count -> k
    boolean do_padding -> d
    boolean do_newline -> e
    boolean do_cr -> f
    byte[] alphabet -> l
    boolean $assertionsDisabled -> g
    610:741:boolean process$7dcd25fc$1cf967a0(byte[],int) -> a
com.appblade.framework.utils.HttpClientProvider -> com.appblade.framework.e.d:
    36:54:org.apache.http.impl.client.DefaultHttpClient newInstance$1bfbb7be() -> a
com.appblade.framework.utils.HttpUtils -> com.appblade.framework.e.e:
    37:49:org.apache.http.Header getHeader(java.lang.String,java.lang.String) -> a
    54:53:boolean isOK(org.apache.http.HttpResponse) -> a
com.appblade.framework.utils.IOUtils -> com.appblade.framework.e.f:
    22:30:void safeClose(java.io.Closeable) -> a
    38:42:void safeClose(org.apache.http.client.HttpClient) -> a
com.appblade.framework.utils.StringUtils -> com.appblade.framework.e.g:
    47:63:java.lang.String readStream(java.io.InputStream) -> a
    73:73:boolean isNullOrEmpty(java.lang.String) -> a
    84:85:void append(java.lang.StringBuilder,java.lang.String,java.lang.Object[]) -> a
    94:100:int safeParse$505cff29(java.lang.String) -> b
    112:124:java.lang.String hmacSha256(java.lang.String,java.lang.String) -> a
    136:143:byte[] sha256(java.lang.String) -> c
    152:186:java.lang.String sha256FromInputStream(java.io.InputStream) -> b
    196:206:java.lang.String md5(java.lang.String) -> d
    215:231:java.lang.String md5FromFile(java.io.File) -> a
    240:275:java.lang.String md5FromInputStream(java.io.InputStream) -> c
    307:316:org.json.JSONObject parseStringToJSONObject(java.lang.String) -> e
com.appblade.framework.utils.SystemUtils -> com.appblade.framework.e.h:
    32:37:boolean hasPermission(android.content.pm.PackageInfo,java.lang.String) -> a
    96:111:java.lang.String hashedUuidOfPackageFile(android.content.pm.PackageInfo,java.lang.String) -> b
    178:179:java.lang.String getReadableApkFileNameFromPackageName(java.lang.String) -> a
org.apache.http.entity.mime.FormBodyPart -> a.a.a.a.a.a:
    java.lang.String name -> a
    org.apache.http.entity.mime.Header header -> b
    org.apache.http.entity.mime.content.ContentBody body -> c
    68:68:org.apache.http.entity.mime.content.ContentBody getBody() -> a
    72:72:org.apache.http.entity.mime.Header getHeader() -> b
    76:80:void addField(java.lang.String,java.lang.String) -> a
org.apache.http.entity.mime.Header -> a.a.a.a.a.b:
    java.util.List fields -> a
    java.util.Map fieldMap -> b
    54:65:void addField(org.apache.http.entity.mime.MinimalField) -> a
    72:80:org.apache.http.entity.mime.MinimalField getField(java.lang.String) -> a
    136:136:java.util.Iterator iterator() -> iterator
    141:141:java.lang.String toString() -> toString