Android/AppBlade Example/proguard/usage.txt
com.appblade.example.BuildConfig
com.appblade.example.R
com.appblade.example.R$attr
com.appblade.example.R$drawable
com.appblade.example.R$id
com.appblade.example.R$layout
com.appblade.example.R$string
...
com.appblade.framework.updates.UpdateTask:
    protected android.app.ProgressDialog progress
com.appblade.framework.updates.UpdatesHelper:
    private static final int NotificationNewVersionDownloading
    private static final java.lang.String APK_MIMETYPE
    private static final java.lang.String PrefsKey
    private static final java.lang.String PrefsKeyTTL
    private static final java.lang.String PrefsKeyTTLUpdated
    private static final int MillisPerHour
    private static final int MillisPerDay
    58:58:public UpdatesHelper()
    88:89:public static void checkForUpdate(android.app.Activity,boolean)
    169:170:public static void checkForAuthenticatedUpdate(android.app.Activity,boolean)
    182:193:public static void checkForAuthenticatedUpdate(android.app.Activity,boolean,boolean)
    203:231:private static void checkAuthorization(android.app.Activity,boolean)
    235:236:public static void checkForAnonymousUpdate(android.app.Activity,boolean)
    537:562:private static void openWithAlert(android.app.Activity,java.io.File)
    711:712:public int loadTtl(android.content.Context)
    721:722:public int loadTtlLastUpdated(android.content.Context)
com.appblade.framework.updates.UpdatesHelper$1
com.appblade.framework.updates.UpdatesHelper$2
com.appblade.framework.updates.UpdatesHelper$3
com.appblade.framework.updates.UpdatesHelper$6
com.appblade.framework.updates.UpdatesHelper$6$1
com.appblade.framework.updates.UpdatesHelper$6$2
com.appblade.framework.updates.UpdatesHelper$6$3
com.appblade.framework.utils.Base64:
    public static final int DEFAULT
    public static final int NO_PADDING
    public static final int NO_WRAP
    public static final int CRLF
    public static final int URL_SAFE
    public static final int NO_CLOSE
    119:119:public static byte[] decode(java.lang.String,int)
    137:137:public static byte[] decode(byte[],int)
    159:174:public static byte[] decode(byte[],int,int,int)
com.appblade.framework.utils.Base64$Coder:
    public abstract boolean process(byte[],int,int,boolean)
    public abstract int maxOutputSize(int)
com.appblade.framework.utils.Base64$Decoder
com.appblade.framework.utils.Base64$Encoder:
    public static final int LINE_GROUPS
    604:604:public int maxOutputSize(int)
com.appblade.framework.utils.ExceptionUtils:
    9:9:public ExceptionUtils()
com.appblade.framework.utils.HttpClientProvider:
    private static final int SOCKET_OPERATION_TIMEOUT
    24:24:public HttpClientProvider()
com.appblade.framework.utils.HttpUtils:
    public static final java.lang.String HeaderLastModified
    public static final java.lang.String HeaderContentLength
    public static final java.lang.String HeaderContentType
    public static final java.lang.String HeaderAccept
    public static final java.lang.String ContentTypeJson
    public static final java.lang.String ContentTypeJpeg
    public static final java.lang.String ContentTypeMultipartFormData
    public static final java.lang.String ContentTypeOctetStream
    13:13:public HttpUtils()
com.appblade.framework.utils.IOUtils:
    13:13:public IOUtils()
com.appblade.framework.utils.StringUtils:
    public static final int BUFFER_SIZE
    public static final java.lang.String md5OfNull
    public static final java.lang.String sha256OfNull
    34:34:public StringUtils()
    285:295:public static org.json.JSONArray parseStringToJSONArray(java.lang.String)
com.appblade.framework.utils.SystemUtils:
    public static final java.lang.String UserAgent
    22:22:public SystemUtils()
    47:62:public static java.lang.String getBestUniqueDeviceID(android.content.ContentResolver)
    69:86:public static java.lang.String generateUniqueID(android.content.pm.PackageInfo)
org.apache.http.entity.mime.Header:
    68:68:public java.util.List getFields()
    84:92:public java.util.List getFields(java.lang.String)
    97:106:public int removeFields(java.lang.String)
    110:133:public void setField(org.apache.http.entity.mime.MinimalField)